{"level":"warn","message":"Called Hello World","service":"user-service"}
{
  message: 'Called Hello World',
  level: 'error',
  timestamp: '2022:Oct:31:19:10'
}
{
  message: 'Called Hello World',
  level: 'error',
  timestamp: '2022:Oct:31:19:10:PM10'
}
{
  message: 'Called Hello World',
  level: 'error',
  timestamp: '2022:Oct:31:19:10:PM'
}
{
  message: 'Called Hello World',
  level: 'error',
  timestamp: '19:10:PM - Oct/31/2022'
}
{
  message: 'Called Hello World',
  level: 'error',
  timestamp: '19:10:PM - Oct/31/2022'
}
 [error] 19:10:PM - Oct/31/2022 Called Hello World
[error] 19:10:PM - Oct/31/2022 Called Hello World
[error] 13:02:PM - Feb/23/2023 No metadata for "Seller" was found.
[error] 13:02:PM - Feb/23/2023 No metadata for "Seller" was found.
[error] 13:02:PM - Feb/23/2023 No metadata for "Seller" was found.
